C:\Program Files (x86)\nodejs\node.exe --inspect-brk=46414 node_modules\mocha\bin\_mocha -u tdd --timeout 999999 --colors -r ts-node/register C:\Temp\TypeScript2Cxx\src/../spec/**/*.spec.ts
Debugger listening on ws://127.0.0.1:46414/ed688381-cb71-4a2c-902b-7ede00d6c7cd
For help, see: https://nodejs.org/en/docs/inspector
Debugger attached.

  Basic Types
    v simple bool/null value: local (4095ms)
    v Basic Types (3958ms)
    - Template Strings
    v Template Strings (3623ms)
    v Array (3614ms)
    v Tuple (3616ms)
    - Enum
    v Enum (3578ms)
    v Const Array with Const Objects (3598ms)
  Test 1
    v print "Hello World!" as string const. (3632ms)
    v print "Hello World!" as variable (3565ms)
    v print "Hello World!" as function (3566ms)
    v print "Hello World!" as function declaration (3576ms)
    v print "Hello World!" as function return (3596ms)
    v print "Hello World!" as arrow function (3942ms)
    v print "Hello World!" as direct function call (3693ms)
    1) var declaration: print - true,1,1.5,Hello World!
    v equals(var): print - 2 true,1,1.5,Hello World! (3889ms)
    v equals(local): print - 3 true,1,1.5,Hello World! (3689ms)
  Breaks
    v Break/continue for while/do/for (3630ms)
    v Break/continue for for/in (3699ms)
    v Break/continue for for/in 2 (3789ms)
  Classes
    v Class static member (3533ms)
    v Class static member with parameter (4178ms)
    v new instance of Class with parametered member (3476ms)
    v new instance of Class with parametered member into local (3486ms)
    v new instance of Class with setting class field (3384ms)
    v new instance of Class with setting class field via local (3384ms)
    v new instance of Class with setting class field via global (3317ms)
    v new instance of Class with setting class default fields (3324ms)
    v Class private member in constructor (3397ms)
    v Class inheritance (3952ms)
    v Class inheritance - with static get accessor (3452ms)
    v Class inheritance - call super class (3502ms)
    v Class inheritance - call super class with this (3792ms)
    v Class inheritance - instance (3940ms)
    v Class inheritance - complete example (3547ms)
    v Class inheritance - complete example with property (3507ms)
    v Class inheritance - complete example with property on base class (3210ms)
    v Class inheritance - complete example with property on base class 2 (3238ms)
    v Class inheritance - complete example with property on base class 3 (3710ms)
    v Class - default ctor - readonly (3560ms)
    v Class - readonly (3454ms)
    v Class - call base class constructor (3794ms)
    v Class - call base class constructor with abstract method and default constructor (3537ms)
    v Class - generic (3507ms)
    2) Class - generic 2
    v Class - Accessors (3874ms)
    v Class - Accessors 2 (3357ms)
    v Class - Static Get Accessors (3383ms)
    v Class - Static Get/Set Accessors (3119ms)
    v Class - Get/Set Accessors on base class (3416ms)
    v Class - Static Properties (3574ms)
    v Class - Properties - Arrow Function (4355ms)
    v Class - static - method call (3643ms)
    v Class - initializing property without constructor (3598ms)
    v Class - this in property initialization (3711ms)
    v Class - constructor with Parameters (3977ms)
    v Class - constructor with Optional Parameters - 1 (3586ms)
    v Class - constructor with Optional Parameters - 2 (3781ms)
    v Class - constructor with Optional Parameters - 2(2) (3603ms)
    v Class - constructor with Optional Parameters - 2(3) (3819ms)
    v Class - constructor with Optional Parameters - 3 (3951ms)
    v Class - constructor with Optional Parameters - 4 (3511ms)
    v Class - constructor with Default Parameter (4056ms)
    v Class - constructor with Default Parameter - 2 (3587ms)
    v Class - constructor with Default Parameter - 3 (3392ms)
    v Class - constructor with Default Parameter - 5 (3442ms)
    v Class - constructor with Default Parameter - 6 (4783ms)
    v Class - base fields are isolated (3593ms)
    v Class - deep inheritance (3492ms)
    v Class - deep inheritance 2 (3470ms)
    3) Class - this in static
    v Class - BUG (count of method return vars) (3341ms)
    4) Class - BUG (class static method should not have "this" as in param)
    v Class - BUG (base class has setter and derived not) (3073ms)
    v Class - BUG (chain call) (3425ms)
    v Class - BUG (chain call) 2 (3357ms)
    v Class - class method call by reference (3451ms)
    5) Class - class bind method call by reference
    v Class - class static method reference by this reference (3234ms)
    v Class - calling chain of lamdas with this (3875ms)
    - Class - calling method via interface function
    6) Class - calling method reference via method reference
  Delete
    7) Local
    8) Remove item
  Discrepancies
    9) 0 is false in || expressions
    10) 0 as "any" is false in || expressions
    11) 0 is false in && expressions
    12) 0 as "any" is false in && expressions
    v 0 is false in !<xxx> (3442ms)
    13) 0 as "any" is false in !<xxx>
  Export
    14) Class export
    15) Class export (import as)
    16) Class export (default)
    17) Class export - alias
  Functions
    v Function, Noname function, Arrow function (3460ms)
    v Optional Parameters (3446ms)
    v Default Parameters (3518ms)
    18) function 1
    19) this in function
    - this 2
    20) this - in an arrow function
    v external values (bool) (3451ms)
    v external values (value) (3564ms)
    v external values (value) 2 (3464ms)
    v test generic function (3502ms)
    v test function - ... (3709ms)
    21) test function - ... 2
    22) test function - union types
    - test function - method call by reference
    v test function - method call by reference (3537ms)
    23) function var scope
  InstanceOf
    24) InstanceOf: number, string, boolean
  Modules
    25) Module 1
    26) Module 2 - nested
    27) Module 3 - <module1>.<module2>
    28) Module - export function
    29) Module - multi blocks
    30) Module - import only
    31) Module - static method call with param
  Objects
    32) new
    33) new class
    34) object - spread assignment
  Arithmetic Operators
    35) Binary
    v String (strict) concat (3455ms)
    36) String (any) concat
    v String (strict) op += (3455ms)
    37) Bitwise
    v Logical (3480ms)
    38) Logical = not on boolean
    v Logical (basic 1) (3456ms)
    39) Logical (basic 2)
    40) Logical (basic 3)
    41) Logical (basic 4)
    v Logical (basic 5) (3608ms)
    42) In operator
  RegExp
    - Simple RegExp test 1
    43) Simple RegExp test 1
    - Simple RegExp test 2
    44) Simple RegExp test 2
  Special cases
    v Multiple assignments(local) (3416ms)
    v Multiple assignments(global) (3453ms)
    v Or in assignments(local) (3396ms)
    v Or in assignments(local) 2 (3445ms)
    v Or in assignments(local) 3 (3658ms)
    v Or in assignments(local) 4 (3175ms)
    v ++/-- prefix/suffix (local) (3448ms)
    v ++/-- prefix/suffix (global) (3367ms)
    v ++/-- prefix/suffix (field) (3211ms)
    v ++/-- prefix/suffix (field and cast) (3151ms)
    v chain of = (local) (3373ms)
    v chain of = (global) (3515ms)
    v chain of = (local) (3431ms)
    v chain of = (global) (3366ms)
    v ? : (local) (3502ms)
    v ? : (global) (3465ms)
    v ? : (special cases) (3392ms)
    v ? : (special cases 2) (3482ms)
    45) ? : (special cases 3)
    46) = || : (local)
    v Class - field.value++ - BUG (3672ms)
  Statements
    v simple If - bool (3462ms)
    v simple If/else - bool (3426ms)
    v simple If - reference (3563ms)
    v simple If/else - reference (3457ms)
    v simple do/while (local) (3516ms)
    v simple do/while (global) (3421ms)
    v simple while (local) (3627ms)
    v simple while (global) (3458ms)
    v simple while - 2 (3354ms)
    v simple for (local) (3425ms)
    v simple for (global) (3427ms)
    v simple for/in (local) (3409ms)
    v simple for/in (local) 1 (3463ms)
    v simple for/in (local) 2 (3462ms)
    v simple for/in (global) 1 (3394ms)
    v simple for/in (global) 2 (3835ms)
    v simple for/in (local) empty dictionary (4020ms)
    v simple for/in (var) (3584ms)
    v simple for/of (array) - global (3885ms)
    v simple for/of (array) - local (3811ms)
    v simple for/of (array) - empty (3398ms)
    47) simple for/of (string)
    48) simple for/of (params)
    v switch (local) 1 (3520ms)
    v switch (string) (3429ms)
    v switch - with for statement (3315ms)
    v switch - 1, 2, 3 (3574ms)
  Strings
    49) index
  Try/Finally
    50) Simple Try/Finally
    51) Simple Try/Catch/Finally
  TypeOf
    v TypeOf: string (3385ms)
  Undefined/null cases
    52) strict equals/not equals
    53) not strict equals/not equals
    54) strict 0
    55) strict ""
    56) not strict 0
    57) not strict ""
    58) undefined default params with undefined
  Variable Declarations
    v var (3472ms)
    v var in function (3488ms)
    59) var access variables within other functions
    - var access variables within other functions 2
    60) var access variables within other functions 3 (multi-level)
    61) var Re-declarations and Shadowing
    v Scoped locals (3407ms)
    62) const declarations
    - Array destructuring
  138 passing (12m)
  9 pending
  62 failing
  1) Test 1
       var declaration: print - true,1,1.5,Hello World!:

      AssertionError: expected 'Hello World!\r\n' to equal 'true\r\n1\r\n1.5\r\nHello World!\r\n'
      + expected - actual

      +true
      +1
      +1.5
       Hello World!
      
      at Context.<anonymous> (spec\basic.spec.ts:65:17)
      at processImmediate (internal/timers.js:439:21)

  2) Classes
       Class - generic 2:

      AssertionError: expected '2\r\n1\r\n' to equal 'test\r\n'
      + expected - actual

      -2
      -1
      +test
      
      at Context.<anonymous> (spec\class.spec.ts:444:60)
      at processImmediate (internal/timers.js:439:21)

  3) Classes
       Class - this in static:

      AssertionError: expected 'Run\r\n' to equal 'Run1\r\nRun\r\n'
      + expected - actual

      +Run1
       Run
      
      at Context.<anonymous> (spec\class.spec.ts:958:62)
      at processImmediate (internal/timers.js:439:21)

  4) Classes
       Class - BUG (class static method should not have "this" as in param):

      AssertionError: expected '0\r\n0\r\n0\r\n' to equal 'Run\r\n'
      + expected - actual

      -0
      -0
      -0
      +Run
      
      at Context.<anonymous> (spec\class.spec.ts:1026:116)
      at processImmediate (internal/timers.js:439:21)

  5) Classes
       Class - class bind method call by reference:

      AssertionError: expected '10\r\n' to equal '10\r\n20\r\n20\r\n'
      + expected - actual

       10
      +20
      +20
      
      at Context.<anonymous> (spec\class.spec.ts:1232:13)
      at processImmediate (internal/timers.js:439:21)

  6) Classes
       Class - calling method reference via method reference:

      AssertionError: expected '10\r\n20\r\n' to equal '1\r\n2\r\n'
      + expected - actual

      -10
      -20
      +1
      +2
      
      at Context.<anonymous> (spec\class.spec.ts:1328:13)
      at processImmediate (internal/timers.js:439:21)

  7) Delete
       Local:

      AssertionError: expected '10\r\n20\r\n' to equal 'undefined\r\n'
      + expected - actual

      -10
      -20
      +undefined
      
      at Context.<anonymous> (spec\delete.spec.ts:11:13)
      at processImmediate (internal/timers.js:439:21)

  8) Delete
       Remove item:

      AssertionError: expected '10\r\n20\r\n' to equal 'obj2\r\nvalue\r\n'
      + expected - actual

      -10
      -20
      +obj2
      +value
      
      at Context.<anonymous> (spec\delete.spec.ts:21:13)
      at processImmediate (internal/timers.js:439:21)

  9) Discrepancies
       0 is false in || expressions:

      AssertionError: expected '10\r\n20\r\n' to equal 'null\r\nnull\r\n1\r\n0\r\n0\r\n1\r\n1\r\n1\r\n1\r\n'
      + expected - actual

      -10
      -20
      +null
      +null
      +1
      +0
      +0
      +1
      +1
      +1
      +1
      
      at Context.<anonymous> (spec\discrepancies.spec.ts:20:18)
      at processImmediate (internal/timers.js:439:21)

  10) Discrepancies
       0 as "any" is false in || expressions:

      AssertionError: expected 'null\r\n0\r\n1\r\nnull\r\n0\r\n1\r\nnull\r\n0\r\n1\r\n' to equal 'null\r\nnull\r\n1\r\n0\r\n0\r\n1\r\n1\r\n1\r\n1\r\n'
      + expected - actual

       null
      -0
      -1
       null
      -0
       1
      -null
       0
      +0
       1
      +1
      +1
      +1
      
      at Context.<anonymous> (spec\discrepancies.spec.ts:35:17)
      at processImmediate (internal/timers.js:439:21)

  11) Discrepancies
       0 is false in && expressions:

      AssertionError: expected 'null\r\n0\r\n1\r\nnull\r\n0\r\n1\r\nnull\r\n0\r\n1\r\n' to equal 'null\r\n0\r\nnull\r\nnull\r\n0\r\n0\r\nnull\r\n0\r\n1\r\n2\r\n'
      + expected - actual

       null
       0
      -1
       null
      +null
       0
      -1
      +0
       null
       0
       1
      +2
      
      at Context.<anonymous> (spec\discrepancies.spec.ts:51:17)
      at processImmediate (internal/timers.js:439:21)

  12) Discrepancies
       0 as "any" is false in && expressions:

      AssertionError: expected 'null\r\nnull\r\nnull\r\n0\r\n0\r\n0\r\n1\r\n1\r\n1\r\n2\r\n' to equal 'null\r\n0\r\nnull\r\nnull\r\n0\r\n0\r\nnull\r\n0\r\n1\r\n2\r\n'
      + expected - actual

       null
      +0
       null
       null
       0
       0
      +null
       0
       1
      -1
      -1
       2
      
      at Context.<anonymous> (spec\discrepancies.spec.ts:67:17)
      at processImmediate (internal/timers.js:439:21)

  13) Discrepancies
       0 as "any" is false in !<xxx>:

      AssertionError: expected 'false\r\nfalse\r\nfalse\r\n' to equal 'true\r\ntrue\r\nfalse\r\n'
      + expected - actual

      +true
      +true
       false
      -false
      -false
      
      at Context.<anonymous> (spec\discrepancies.spec.ts:84:17)
      at processImmediate (internal/timers.js:439:21)

  14) Export
       Class export:

      AssertionError: expected 'false\r\n' to equal 'false\r\nfalse\r\nfalse\r\n'
      + expected - actual

       false
      +false
      +false
      
      at Context.<anonymous> (spec\exports.spec.ts:7:53)
      at processImmediate (internal/timers.js:439:21)

  15) Export
       Class export (import as):

      AssertionError: expected 'false\r\n' to equal 'false\r\nfalse\r\nfalse\r\n'
      + expected - actual

       false
      +false
      +false
      
      at Context.<anonymous> (spec\exports.spec.ts:19:65)
      at processImmediate (internal/timers.js:439:21)

  16) Export
       Class export (default):

      AssertionError: expected 'false\r\n' to equal 'false\r\nfalse\r\nfalse\r\n'
      + expected - actual

       false
      +false
      +false
      
      at Context.<anonymous> (spec\exports.spec.ts:31:63)
      at processImmediate (internal/timers.js:439:21)

  17) Export
       Class export - alias:

      AssertionError: expected 'false\r\n' to equal 'false\r\nfalse\r\nfalse\r\n'
      + expected - actual

       false
      +false
      +false
      
      at Context.<anonymous> (spec\exports.spec.ts:43:61)
      at processImmediate (internal/timers.js:439:21)

  18) Functions
       function 1:

      AssertionError: expected 'spades\r\n' to equal 'Bob Adams\r\nBob Smith\r\n'
      + expected - actual

      -spades
      +Bob Adams
      +Bob Smith
      
      at Context.<anonymous> (spec\functions.spec.ts:67:52)
      at processImmediate (internal/timers.js:439:21)

  19) Functions
       this in function:

      AssertionError: expected '37\r\n' to equal 'Bob Adams\r\nBob Smith\r\n'
      + expected - actual

      -37
      +Bob Adams
      +Bob Smith
      
      at Context.<anonymous> (spec\functions.spec.ts:82:54)
      at processImmediate (internal/timers.js:439:21)

  20) Functions
       this - in an arrow function:
     TypeError: Cannot read property 'valueDeclaration' of undefined
      at Emitter.processElementAccessExpression (src\emitter.ts:2446:108)
      at Emitter.processExpression (src\emitter.ts:319:62)
      at C:\Temp\TypeScript2Cxx\src\emitter.ts:2335:26
      at Array.forEach (<anonymous>)
      at Emitter.processObjectLiteralExpression (src\emitter.ts:2313:29)
      at Emitter.processExpression (src\emitter.ts:330:62)
      at Emitter.processReturnStatement (src\emitter.ts:2076:18)
      at Emitter.processStatementInternal (src\emitter.ts:269:54)
      at Emitter.processStatement (src\emitter.ts:257:14)
      at C:\Temp\TypeScript2Cxx\src\emitter.ts:1867:26
      at Array.forEach (<anonymous>)
      at Emitter.processFunctionExpression (src\emitter.ts:1866:87)
      at Emitter.processArrowFunction (src\emitter.ts:1998:14)
      at Emitter.processExpression (src\emitter.ts:318:52)
      at Emitter.processReturnStatement (src\emitter.ts:2076:18)
      at Emitter.processStatementInternal (src\emitter.ts:269:54)
      at Emitter.processStatement (src\emitter.ts:257:14)
      at C:\Temp\TypeScript2Cxx\src\emitter.ts:1867:26
      at Array.forEach (<anonymous>)
      at Emitter.processFunctionExpression (src\emitter.ts:1866:87)
      at Emitter.processExpression (src\emitter.ts:317:57)
      at C:\Temp\TypeScript2Cxx\src\emitter.ts:2335:26
      at Array.forEach (<anonymous>)
      at Emitter.processObjectLiteralExpression (src\emitter.ts:2313:29)
      at Emitter.processExpression (src\emitter.ts:330:62)
      at Emitter.processVariableDeclarationOne (src\emitter.ts:1181:22)
      at C:\Temp\TypeScript2Cxx\src\emitter.ts:1164:32
      at Array.forEach (<anonymous>)
      at Emitter.processVariableDeclarationList (src\emitter.ts:1163:38)
      at Emitter.processVariableStatement (src\emitter.ts:1197:29)
      at Emitter.processStatementInternal (src\emitter.ts:265:56)
      at Emitter.processStatement (src\emitter.ts:257:14)
      at C:\Temp\TypeScript2Cxx\src\emitter.ts:195:22
      at Array.forEach (<anonymous>)
      at Emitter.processFile (src\emitter.ts:194:18)
      at Emitter.processNode (src\emitter.ts:107:22)
      at C:\Temp\TypeScript2Cxx\src\compiler.ts:316:35
      at Array.forEach (<anonymous>)
      at Run.test (src\compiler.ts:308:25)
      at Context.<anonymous> (spec\functions.spec.ts:110:86)
      at processImmediate (internal/timers.js:439:21)

  21) Functions
       test function - ... 2:

      AssertionError: expected '1\r\n2\r\n3\r\n' to equal 'Joseph\r\nSamuel\r\nLucas\r\nMacKinzie\r\n'
      + expected - actual

      -1
      -2
      -3
      +Joseph
      +Samuel
      +Lucas
      +MacKinzie
      
      at Context.<anonymous> (spec\functions.spec.ts:181:68)
      at processImmediate (internal/timers.js:439:21)

  22) Functions
       test function - union types:

      AssertionError: expected 'Joseph\r\nSamuel\r\nLucas\r\nMacKinzie\r\n' to equal '4Hello world\r\n'
      + expected - actual

      -Joseph
      -Samuel
      -Lucas
      -MacKinzie
      +4Hello world
      
      at Context.<anonymous> (spec\functions.spec.ts:209:13)
      at processImmediate (internal/timers.js:439:21)

  23) Functions
       function var scope:

      AssertionError: expected '[01.000000]:\r\n' to equal '1\r\n2\r\n1\r\nundefined\r\n'
      + expected - actual

      -[01.000000]:
      +1
      +2
      +1
      +undefined
      
      at Context.<anonymous> (spec\functions.spec.ts:233:13)
      at processImmediate (internal/timers.js:439:21)

  24) InstanceOf
       InstanceOf: number, string, boolean:

      AssertionError: expected '[01.000000]:\r\n' to equal 'true\r\ntrue\r\ntrue\r\n'
      + expected - actual

      -[01.000000]:
      +true
      +true
      +true
      
      at Context.<anonymous> (spec\instanceof.spec.ts:17:30)
      at processImmediate (internal/timers.js:439:21)

  25) Modules
       Module 1:

      AssertionError: expected '1\r\n' to equal '[01.000000]:\r\n'
      + expected - actual

      -1
      +[01.000000]:
      
      at Context.<anonymous> (spec\modules_and_namespaces.spec.ts:7:45)
      at processImmediate (internal/timers.js:439:21)

  26) Modules
       Module 2 - nested:

      AssertionError: expected '1\r\n' to equal '[01.000000]:\r\n'
      + expected - actual

      -1
      +[01.000000]:
      
      at Context.<anonymous> (spec\modules_and_namespaces.spec.ts:20:54)
      at processImmediate (internal/timers.js:439:21)

  27) Modules
       Module 3 - <module1>.<module2>:

      AssertionError: expected '1\r\n' to equal '[01.000000]:\r\n'
      + expected - actual

      -1
      +[01.000000]:
      
      at Context.<anonymous> (spec\modules_and_namespaces.spec.ts:35:67)
      at processImmediate (internal/timers.js:439:21)

  28) Modules
       Module - export function:

      AssertionError: expected 'Hi\r\n' to equal '[01.000000]:\r\n'
      + expected - actual

      -Hi
      +[01.000000]:
      
      at Context.<anonymous> (spec\modules_and_namespaces.spec.ts:48:62)
      at processImmediate (internal/timers.js:439:21)

  29) Modules
       Module - multi blocks:

      AssertionError: expected '1\r\n3\r\n' to equal '[01.000000]:\r\n'
      + expected - actual

      -1
      -3
      +[01.000000]:
      
      at Context.<anonymous> (spec\modules_and_namespaces.spec.ts:58:63)
      at processImmediate (internal/timers.js:439:21)

  30) Modules
       Module - import only:

      AssertionError: expected '1\r\n3\r\n' to equal '[01.000000]:\r\n'
      + expected - actual

      -1
      -3
      +[01.000000]:
      
      at Context.<anonymous> (spec\modules_and_namespaces.spec.ts:81:62)
      at processImmediate (internal/timers.js:439:21)

  31) Modules
       Module - static method call with param:

      AssertionError: expected '[01.000000]:\r\n' to equal 'test\r\n'
      + expected - actual

      -[01.000000]:
      +test
      
      at Context.<anonymous> (spec\modules_and_namespaces.spec.ts:114:13)
      at processImmediate (internal/timers.js:439:21)

  32) Objects
       new:

      AssertionError: expected 'Doe\r\n' to equal '[01.000000]:\r\n'
      + expected - actual

      -Doe
      +[01.000000]:
      
      at Context.<anonymous> (spec\object.spec.ts:7:42)
      at processImmediate (internal/timers.js:439:21)

  33) Objects
       new class:

      AssertionError: expected 'const\r\nHi\r\n' to equal '[01.000000]:\r\n'
      + expected - actual

      -const
      -Hi
      +[01.000000]:
      
      at Context.<anonymous> (spec\object.spec.ts:19:56)
      at processImmediate (internal/timers.js:439:21)

  34) Objects
       object - spread assignment:

      AssertionError: expected '0\r\nfalse\r\n' to equal '[01.000000]:\r\n'
      + expected - actual

      -0
      -false
      +[01.000000]:
      
      at Context.<anonymous> (spec\object.spec.ts:32:72)
      at processImmediate (internal/timers.js:439:21)

  35) Arithmetic Operators
       Binary:

      AssertionError: expected '7\r\n3\r\n10\r\n2.5\r\n1\r\n7\r\n3\r\n10\r\n2.5\r\n1\r\n' to equal '[01.000000]:\r\n'
      + expected - actual

      -7
      -3
      -10
      -2.5
      -1
      -7
      -3
      -10
      -2.5
      -1
      +[01.000000]:
      
      at Context.<anonymous> (spec\operators.spec.ts:7:94)
      at processImmediate (internal/timers.js:439:21)

  36) Arithmetic Operators
       String (any) concat:

      AssertionError: expected 'Good Morning\r\n' to equal ''
      + expected - actual

      -Good Morning
      
      at Context.<anonymous> (spec\operators.spec.ts:42:67)
      at processImmediate (internal/timers.js:439:21)

  37) Arithmetic Operators
       Bitwise:

      AssertionError: expected '1\r\n5\r\n-6\r\n4\r\n10\r\n2\r\n' to equal 'Good Morning\r\n'
      + expected - actual

      -1
      -5
      --6
      -4
      -10
      -2
      +Good Morning
      
      at Context.<anonymous> (spec\operators.spec.ts:59:71)
      at processImmediate (internal/timers.js:439:21)

  38) Arithmetic Operators
       Logical = not on boolean:

      AssertionError: expected 'true\r\n' to equal 'true\r\nfalse\r\n'
      + expected - actual

       true
      +false
      
      at Context.<anonymous> (spec\operators.spec.ts:83:64)
      at processImmediate (internal/timers.js:439:21)

  39) Arithmetic Operators
       Logical (basic 2):

      AssertionError: expected 'false\r\ntrue\r\nfalse\r\ntrue\r\n' to equal 'false\r\nfalse\r\ntrue\r\ntrue\r\ntrue\r\ntrue\r\nfalse\r\nfalse\r\nfalse\r\ntrue\r\nfalse\r\ntrue\r\n'
      + expected - actual

       false
      +false
       true
      +true
      +true
      +true
       false
      +false
      +false
       true
      +false
      +true
      
      at Context.<anonymous> (spec\operators.spec.ts:106:83)
      at processImmediate (internal/timers.js:439:21)

  40) Arithmetic Operators
       Logical (basic 3):

      AssertionError: expected 'false\r\nfalse\r\ntrue\r\ntrue\r\n' to equal 'false\r\nfalse\r\ntrue\r\ntrue\r\ntrue\r\ntrue\r\nfalse\r\nfalse\r\nfalse\r\ntrue\r\nfalse\r\ntrue\r\n'
      + expected - actual

       false
       false
       true
       true
      +true
      +true
      +false
      +false
      +false
      +true
      +false
      +true
      
      at Context.<anonymous> (spec\operators.spec.ts:118:83)
      at processImmediate (internal/timers.js:439:21)

  41) Arithmetic Operators
       Logical (basic 4):

      AssertionError: expected 'true\r\nfalse\r\ntrue\r\nfalse\r\n' to equal 'false\r\nfalse\r\ntrue\r\ntrue\r\ntrue\r\ntrue\r\nfalse\r\nfalse\r\nfalse\r\ntrue\r\nfalse\r\ntrue\r\n'
      + expected - actual

      +false
      +false
       true
      +true
      +true
      +true
       false
      +false
      +false
       true
       false
      +true
      
      at Context.<anonymous> (spec\operators.spec.ts:130:83)
      at processImmediate (internal/timers.js:439:21)

  42) Arithmetic Operators
       In operator:

      AssertionError: expected 'true\r\n' to equal '1\r\n2\r\n'
      + expected - actual

      -true
      +1
      +2
      
      at Context.<anonymous> (spec\operators.spec.ts:150:51)
      at processImmediate (internal/timers.js:439:21)

  43) RegExp
       Simple RegExp test 1:

      AssertionError: expected '1\r\n' to equal '1\r\n2\r\n'
      + expected - actual

       1
      +2
      
      at Context.<anonymous> (spec\regexp.spec.ts:21:57)
      at processImmediate (internal/timers.js:439:21)

  44) RegExp
       Simple RegExp test 2:

      AssertionError: expected '1\r\n' to equal '1\r\n2\r\n'
      + expected - actual

       1
      +2
      
      at Context.<anonymous> (spec\regexp.spec.ts:42:57)
      at processImmediate (internal/timers.js:439:21)

  45) Special cases
       ? : (special cases 3):

      AssertionError: expected '1\r\n1\r\n1\r\n1\r\n1\r\n1\r\n2\r\n2\r\n' to equal '1\r\n1\r\n1\r\n1\r\n2\r\n2\r\n'
      + expected - actual

       1
       1
       1
       1
      -1
      -1
       2
       2
      
      at Context.<anonymous> (spec\special_cases.spec.ts:177:13)
      at processImmediate (internal/timers.js:439:21)

  46) Special cases
       = || : (local):

      AssertionError: expected 'test\r\n' to equal '1\r\n1\r\n1\r\n1\r\n1\r\n1\r\n2\r\n2\r\n'
      + expected - actual

      -test
      +1
      +1
      +1
      +1
      +1
      +1
      +2
      +2
      
      at Context.<anonymous> (spec\special_cases.spec.ts:179:54)
      at processImmediate (internal/timers.js:439:21)

  47) Statements
       simple for/of (string):

      AssertionError: expected '' to equal 'i\r\ns\r\n'
      + expected - actual

      +i
      +s
      
      at Context.<anonymous> (spec\statements.spec.ts:169:13)
      at processImmediate (internal/timers.js:439:21)

  48) Statements
       simple for/of (params):

      AssertionError: expected '' to equal '1\r\n2\r\n3\r\n'
      + expected - actual

      +1
      +2
      +3
      
      at Context.<anonymous> (spec\statements.spec.ts:178:13)
      at processImmediate (internal/timers.js:439:21)

  49) Strings
       index:

      AssertionError: expected 'done\r\n' to equal 'B\r\n'
      + expected - actual

      -done
      +B
      
      at Context.<anonymous> (spec\string.spec.ts:10:13)
      at processImmediate (internal/timers.js:439:21)

  50) Try/Finally
       Simple Try/Finally:
     TypeError: Cannot read property 'kind' of undefined
      at Emitter.processFunctionExpression (src\emitter.ts:1730:54)
      at Emitter.processTryStatement (src\emitter.ts:680:18)
      at Emitter.processStatementInternal (src\emitter.ts:280:51)
      at Emitter.processStatement (src\emitter.ts:257:14)
      at C:\Temp\TypeScript2Cxx\src\emitter.ts:687:58
      at Array.forEach (<anonymous>)
      at Emitter.processTryStatement (src\emitter.ts:687:34)
      at Emitter.processStatementInternal (src\emitter.ts:280:51)
      at Emitter.processStatement (src\emitter.ts:257:14)
      at C:\Temp\TypeScript2Cxx\src\emitter.ts:209:22
      at Array.forEach (<anonymous>)
      at Emitter.processFile (src\emitter.ts:208:112)
      at Emitter.processNode (src\emitter.ts:107:22)
      at C:\Temp\TypeScript2Cxx\src\compiler.ts:316:35
      at Array.forEach (<anonymous>)
      at Run.test (src\compiler.ts:308:25)
      at Context.<anonymous> (spec\try_catch_finally.spec.ts:7:77)
      at processImmediate (internal/timers.js:439:21)

  51) Try/Finally
       Simple Try/Catch/Finally:
     TypeError: Cannot read property 'kind' of undefined
      at Emitter.processFunctionExpression (src\emitter.ts:1730:54)
      at Emitter.processTryStatement (src\emitter.ts:680:18)
      at Emitter.processStatementInternal (src\emitter.ts:280:51)
      at Emitter.processStatement (src\emitter.ts:257:14)
      at C:\Temp\TypeScript2Cxx\src\emitter.ts:209:22
      at Array.forEach (<anonymous>)
      at Emitter.processFile (src\emitter.ts:208:112)
      at Emitter.processNode (src\emitter.ts:107:22)
      at C:\Temp\TypeScript2Cxx\src\compiler.ts:316:35
      at Array.forEach (<anonymous>)
      at Run.test (src\compiler.ts:308:25)
      at Context.<anonymous> (spec\try_catch_finally.spec.ts:22:103)
      at processImmediate (internal/timers.js:439:21)

  52) Undefined/null cases
       strict equals/not equals:

      AssertionError: expected 'string\r\n' to equal 'true\r\nfalse\r\ntrue\r\nfalse\r\ntrue\r\nfalse\r\n'
      + expected - actual

      -string
      +true
      +false
      +true
      +false
      +true
      +false
      
      at Context.<anonymous> (spec\undefined.spec.ts:15:13)
      at processImmediate (internal/timers.js:439:21)

  53) Undefined/null cases
       not strict equals/not equals:

      AssertionError: expected 'string\r\n' to equal 'true\r\ntrue\r\ntrue\r\nfalse\r\nfalse\r\nfalse\r\n'
      + expected - actual

      -string
      +true
      +true
      +true
      +false
      +false
      +false
      
      at Context.<anonymous> (spec\undefined.spec.ts:25:13)
      at processImmediate (internal/timers.js:439:21)

  54) Undefined/null cases
       strict 0:

      AssertionError: expected 'string\r\n' to equal 'false\r\nfalse\r\ntrue\r\ntrue\r\n'
      + expected - actual

      -string
      +false
      +false
      +true
      +true
      
      at Context.<anonymous> (spec\undefined.spec.ts:33:13)
      at processImmediate (internal/timers.js:439:21)

  55) Undefined/null cases
       strict "":

      AssertionError: expected 'string\r\n' to equal 'false\r\nfalse\r\ntrue\r\ntrue\r\n'
      + expected - actual

      -string
      +false
      +false
      +true
      +true
      
      at Context.<anonymous> (spec\undefined.spec.ts:41:13)
      at processImmediate (internal/timers.js:439:21)

  56) Undefined/null cases
       not strict 0:

      AssertionError: expected 'string\r\n' to equal 'false\r\nfalse\r\ntrue\r\ntrue\r\n'
      + expected - actual

      -string
      +false
      +false
      +true
      +true
      
      at Context.<anonymous> (spec\undefined.spec.ts:49:13)
      at processImmediate (internal/timers.js:439:21)

  57) Undefined/null cases
       not strict "":

      AssertionError: expected 'string\r\n' to equal 'false\r\nfalse\r\ntrue\r\ntrue\r\n'
      + expected - actual

      -string
      +false
      +false
      +true
      +true
      
      at Context.<anonymous> (spec\undefined.spec.ts:57:13)
      at processImmediate (internal/timers.js:439:21)

  58) Undefined/null cases
       undefined default params with undefined:

      AssertionError: expected 'string\r\n' to equal '10\r\n20\r\nnull\r\n30\r\nundef\r\nundef\r\nundef\r\n1\r\n'
      + expected - actual

      -string
      +10
      +20
      +null
      +30
      +undef
      +undef
      +undef
      +1
      
      at Context.<anonymous> (spec\undefined.spec.ts:73:13)
      at processImmediate (internal/timers.js:439:21)

  59) Variable Declarations
       var access variables within other functions:

      AssertionError: expected '11\r\n' to equal 'Hello, world!\r\n'
      + expected - actual

      -11
      +Hello, world!
      
      at Context.<anonymous> (spec\variable_declarations.spec.ts:20:81)
      at processImmediate (internal/timers.js:439:21)

  60) Variable Declarations
       var access variables within other functions 3 (multi-level):

      AssertionError: expected '1\r\n2\r\n3\r\n' to equal 'Error: spawnSync testapp1 ENOENT\n    at notFoundError (C:\\Temp\\TypeScript2Cxx\\node_modules\\cross-spawn\\lib\\enoent.js:6:26)\n    at Object.verifyENOENTSync (C:\\Temp\\TypeScript2Cxx\\node_modules\\cross-spawn\\lib\\enoent.js:48:16)\n    at Function.spawnSync [as sync] (C:\\Temp\\TypeScript2Cxx\\node_modules\\cross-spawn\\index.js:29:43)\n    at Run.test (C:\\Temp\\TypeScript2Cxx\\src\\compiler.ts:334:43)\n    at Context.<anonymous> (C:\\Temp\\TypeScript2Cxx\\spec\\variable_declarations.spec.ts:51:123)\n    at callFn (C:\\Temp\\TypeScript2Cxx\\node_modules\\mocha\\lib\\runnable.js:372:21)\n    at Test.Runnable.run (C:\\Temp\\TypeScript2Cxx\\node_modules\\mocha\\lib\\runnable.js:364:7)\n    at Runner.runTest (C:\\Temp\\TypeScript2Cxx\\node_modules\\mocha\\lib\\runner.js:455:10)\n    at C:\\Temp\\TypeScript2Cxx\\node_modules\\mocha\\lib\\runner.js:573:12\n    at next (C:\\Temp\\TypeScript2Cxx\\node_modules\\mocha\\lib\\runner.js:369:14)\n    at C:\\Temp\\TypeScript2Cxx\\node_modules\\mocha\\lib\\runner.js:379:7\n    at next (C:\\Temp\\TypeScript2Cxx\\node_modules\\mocha\\lib\\runner.js:303:14)\n    at Immediate._onImmediate (C:\\Temp\\TypeScript2Cxx\\node_modules\\mocha\\lib\\runner.js:347:5)\n    at processImmediate (internal/timers.js:439:21)'
      + expected - actual

      -1
      -2
      -3
      +Error: spawnSync testapp1 ENOENT
      +    at notFoundError (C:\Temp\TypeScript2Cxx\node_modules\cross-spawn\lib\enoent.js:6:26)
      +    at Object.verifyENOENTSync (C:\Temp\TypeScript2Cxx\node_modules\cross-spawn\lib\enoent.js:48:16)
      +    at Function.spawnSync [as sync] (C:\Temp\TypeScript2Cxx\node_modules\cross-spawn\index.js:29:43)
      +    at Run.test (C:\Temp\TypeScript2Cxx\src\compiler.ts:334:43)
      +    at Context.<anonymous> (C:\Temp\TypeScript2Cxx\spec\variable_declarations.spec.ts:51:123)
      +    at callFn (C:\Temp\TypeScript2Cxx\node_modules\mocha\lib\runnable.js:372:21)
      +    at Test.Runnable.run (C:\Temp\TypeScript2Cxx\node_modules\mocha\lib\runnable.js:364:7)
      +    at Runner.runTest (C:\Temp\TypeScript2Cxx\node_modules\mocha\lib\runner.js:455:10)
      +    at C:\Temp\TypeScript2Cxx\node_modules\mocha\lib\runner.js:573:12
      +    at next (C:\Temp\TypeScript2Cxx\node_modules\mocha\lib\runner.js:369:14)
      +    at C:\Temp\TypeScript2Cxx\node_modules\mocha\lib\runner.js:379:7
      +    at next (C:\Temp\TypeScript2Cxx\node_modules\mocha\lib\runner.js:303:14)
      +    at Immediate._onImmediate (C:\Temp\TypeScript2Cxx\node_modules\mocha\lib\runner.js:347:5)
      +    at processImmediate (internal/timers.js:439:21)
      
      at Context.<anonymous> (spec\variable_declarations.spec.ts:51:106)
      at processImmediate (internal/timers.js:439:21)

  61) Variable Declarations
       var Re-declarations and Shadowing:

      AssertionError: expected '1\r\n' to equal 'Error: spawnSync testapp1 ENOENT\n    at notFoundError (C:\\Temp\\TypeScript2Cxx\\node_modules\\cross-spawn\\lib\\enoent.js:6:26)\n    at Object.verifyENOENTSync (C:\\Temp\\TypeScript2Cxx\\node_modules\\cross-spawn\\lib\\enoent.js:48:16)\n    at Function.spawnSync [as sync] (C:\\Temp\\TypeScript2Cxx\\node_modules\\cross-spawn\\index.js:29:43)\n    at Run.test (C:\\Temp\\TypeScript2Cxx\\src\\compiler.ts:334:43)\n    at Context.<anonymous> (C:\\Temp\\TypeScript2Cxx\\spec\\variable_declarations.spec.ts:76:87)\n    at callFn (C:\\Temp\\TypeScript2Cxx\\node_modules\\mocha\\lib\\runnable.js:372:21)\n    at Test.Runnable.run (C:\\Temp\\TypeScript2Cxx\\node_modules\\mocha\\lib\\runnable.js:364:7)\n    at Runner.runTest (C:\\Temp\\TypeScript2Cxx\\node_modules\\mocha\\lib\\runner.js:455:10)\n    at C:\\Temp\\TypeScript2Cxx\\node_modules\\mocha\\lib\\runner.js:573:12\n    at next (C:\\Temp\\TypeScript2Cxx\\node_modules\\mocha\\lib\\runner.js:369:14)\n    at C:\\Temp\\TypeScript2Cxx\\node_modules\\mocha\\lib\\runner.js:379:7\n    at next (C:\\Temp\\TypeScript2Cxx\\node_modules\\mocha\\lib\\runner.js:303:14)\n    at Immediate._onImmediate (C:\\Temp\\TypeScript2Cxx\\node_modules\\mocha\\lib\\runner.js:347:5)\n    at processImmediate (internal/timers.js:439:21)'
      + expected - actual

      -1
      +Error: spawnSync testapp1 ENOENT
      +    at notFoundError (C:\Temp\TypeScript2Cxx\node_modules\cross-spawn\lib\enoent.js:6:26)
      +    at Object.verifyENOENTSync (C:\Temp\TypeScript2Cxx\node_modules\cross-spawn\lib\enoent.js:48:16)
      +    at Function.spawnSync [as sync] (C:\Temp\TypeScript2Cxx\node_modules\cross-spawn\index.js:29:43)
      +    at Run.test (C:\Temp\TypeScript2Cxx\src\compiler.ts:334:43)
      +    at Context.<anonymous> (C:\Temp\TypeScript2Cxx\spec\variable_declarations.spec.ts:76:87)
      +    at callFn (C:\Temp\TypeScript2Cxx\node_modules\mocha\lib\runnable.js:372:21)
      +    at Test.Runnable.run (C:\Temp\TypeScript2Cxx\node_modules\mocha\lib\runnable.js:364:7)
      +    at Runner.runTest (C:\Temp\TypeScript2Cxx\node_modules\mocha\lib\runner.js:455:10)
      +    at C:\Temp\TypeScript2Cxx\node_modules\mocha\lib\runner.js:573:12
      +    at next (C:\Temp\TypeScript2Cxx\node_modules\mocha\lib\runner.js:369:14)
      +    at C:\Temp\TypeScript2Cxx\node_modules\mocha\lib\runner.js:379:7
      +    at next (C:\Temp\TypeScript2Cxx\node_modules\mocha\lib\runner.js:303:14)
      +    at Immediate._onImmediate (C:\Temp\TypeScript2Cxx\node_modules\mocha\lib\runner.js:347:5)
      +    at processImmediate (internal/timers.js:439:21)
      
      at Context.<anonymous> (spec\variable_declarations.spec.ts:76:70)
      at processImmediate (internal/timers.js:439:21)

  62) Variable Declarations
       const declarations:

      AssertionError: expected 'Cat\r\n' to equal '10\r\n5\r\n1\r\n5\r\n10\r\n'
      + expected - actual

      -Cat
      +10
      +5
      +1
      +5
      +10
      
      at Context.<anonymous> (spec\variable_declarations.spec.ts:98:57)
      at processImmediate (internal/timers.js:439:21)

